\BOOKMARK [1][-]{section.1}{\376\377\004\022\004\062\004\065\004\064\004\065\004\075\004\070\004\065}{}% 1
\BOOKMARK [1][-]{section.2}{\376\377\004\036\004\077\004\100\004\065\004\064\004\065\004\073\004\065\004\075\004\070\004\117}{}% 2
\BOOKMARK [2][-]{subsection.2.1}{\376\377\004\034\004\075\004\076\004\066\004\065\004\101\004\102\004\062\004\076\000\040\004\034\004\060\004\075\004\064\004\065\004\073\004\114\004\061\004\100\004\076\004\102\004\060}{section.2}% 3
\BOOKMARK [2][-]{subsection.2.2}{\376\377\004\034\004\075\004\076\004\066\004\065\004\101\004\102\004\062\004\076\000\040\004\026\004\116\004\073\004\070\004\060}{section.2}% 4
\BOOKMARK [1][-]{section.3}{\376\377\004\034\004\060\004\102\004\065\004\074\004\060\004\102\004\070\004\107\004\065\004\101\004\072\004\070\004\065\000\040\004\072\004\076\004\075\004\106\004\065\004\077\004\106\004\070\004\070}{}% 5
\BOOKMARK [2][-]{subsection.3.1}{\376\377\004\030\004\102\004\065\004\100\004\060\004\106\004\070\004\117\000\040\004\070\000\040\004\072\004\076\004\074\004\077\004\076\004\067\004\070\004\106\004\070\004\117}{section.3}% 6
\BOOKMARK [2][-]{subsection.3.2}{\376\377\004\043\004\101\004\102\004\076\004\071\004\107\004\070\004\062\004\076\004\101\004\102\004\114\000\040\004\070\004\102\004\065\004\100\004\060\004\106\004\070\004\071}{section.3}% 7
\BOOKMARK [1][-]{section.4}{\376\377\004\024\004\076\004\072\004\060\004\067\004\060\004\102\004\065\004\073\004\114\004\101\004\102\004\062\004\060\000\040\004\101\004\062\004\076\004\071\004\101\004\102\004\062\000\040\004\074\004\075\004\076\004\066\004\065\004\101\004\102\004\062\004\060\000\040\004\034\004\060\004\075\004\064\004\065\004\073\004\114\004\061\004\100\004\076\004\102\004\060}{}% 8
\BOOKMARK [2][-]{subsection.4.1}{\376\377\004\024\004\076\004\072\004\060\004\067\004\060\004\102\004\065\004\073\004\114\004\101\004\102\004\062\004\076\000\040\004\101\004\070\004\074\004\074\004\065\004\102\004\100\004\070\004\070\000\040\004\076\004\102\004\075\004\076\004\101\004\070\004\102\004\065\004\073\004\114\004\075\004\076\000\040\004\062\004\065\004\111\004\065\004\101\004\102\004\062\004\065\004\075\004\075\004\076\004\071\000\040\004\076\004\101\004\070}{section.4}% 9
\BOOKMARK [2][-]{subsection.4.2}{\376\377\004\024\004\076\004\072\004\060\004\067\004\060\004\102\004\065\004\073\004\114\004\101\004\102\004\062\004\076\000\040\004\076\004\063\004\100\004\060\004\075\004\070\004\107\004\065\004\075\004\070\004\117\000\040\004\077\004\076\000\040\004\074\004\076\004\064\004\103\004\073\004\116}{section.4}% 10
\BOOKMARK [1][-]{section.5}{\376\377\004\022\004\070\004\067\004\103\004\060\004\073\004\070\004\067\004\060\004\106\004\070\004\117\000\040\004\074\004\075\004\076\004\066\004\065\004\101\004\102\004\062\004\060\000\040\004\034\004\060\004\075\004\064\004\065\004\073\004\114\004\061\004\100\004\076\004\102\004\060}{}% 11
\BOOKMARK [2][-]{subsection.5.1}{\376\377\004\036\004\077\004\070\004\101\004\060\004\075\004\070\004\065\000\040\004\060\004\073\004\063\004\076\004\100\004\070\004\102\004\074\004\060}{section.5}% 12
\BOOKMARK [2][-]{subsection.5.2}{\376\377\004\040\004\065\004\060\004\073\004\070\004\067\004\060\004\106\004\070\004\117\000\040\004\075\004\060\000\040\000P\000y\000t\000h\000o\000n}{section.5}% 13
\BOOKMARK [2][-]{subsection.5.3}{\376\377\004\040\004\065\004\067\004\103\004\073\004\114\004\102\004\060\004\102\004\113\000\040\004\062\004\070\004\067\004\103\004\060\004\073\004\070\004\067\004\060\004\106\004\070\004\070}{section.5}% 14
\BOOKMARK [1][-]{section.6}{\376\377\004\022\004\070\004\067\004\103\004\060\004\073\004\070\004\067\004\060\004\106\004\070\004\117\000\040\004\074\004\075\004\076\004\066\004\065\004\101\004\102\004\062\004\060\000\040\004\026\004\116\004\073\004\070\004\060}{}% 15
\BOOKMARK [2][-]{subsection.6.1}{\376\377\004\036\004\077\004\070\004\101\004\060\004\075\004\070\004\065\000\040\004\060\004\073\004\063\004\076\004\100\004\070\004\102\004\074\004\060}{section.6}% 16
\BOOKMARK [2][-]{subsection.6.2}{\376\377\004\040\004\065\004\060\004\073\004\070\004\067\004\060\004\106\004\070\004\117\000\040\004\075\004\060\000\040\000P\000y\000t\000h\000o\000n}{section.6}% 17
\BOOKMARK [2][-]{subsection.6.3}{\376\377\004\040\004\065\004\067\004\103\004\073\004\114\004\102\004\060\004\102\004\113\000\040\004\062\004\070\004\067\004\103\004\060\004\073\004\070\004\067\004\060\004\106\004\070\004\070}{section.6}% 18
\BOOKMARK [1][-]{section.7}{\376\377\004\030\004\101\004\101\004\073\004\065\004\064\004\076\004\062\004\060\004\075\004\070\004\065\000\040\004\064\004\100\004\103\004\063\004\076\004\063\004\076\000\040\004\104\004\100\004\060\004\072\004\102\004\060\004\073\004\060\000:\000\040\004\044\004\100\004\060\004\072\004\102\004\060\004\073\000\040\004\022\004\070\004\072\004\101\004\065\004\072\004\060}{}% 19
\BOOKMARK [2][-]{subsection.7.1}{\376\377\004\036\004\077\004\070\004\101\004\060\004\075\004\070\004\065\000\040\004\104\004\100\004\060\004\072\004\102\004\060\004\073\004\060}{section.7}% 20
\BOOKMARK [2][-]{subsection.7.2}{\376\377\004\020\004\073\004\063\004\076\004\100\004\070\004\102\004\074\000\040\004\077\004\076\004\101\004\102\004\100\004\076\004\065\004\075\004\070\004\117}{section.7}% 21
\BOOKMARK [2][-]{subsection.7.3}{\376\377\004\040\004\065\004\060\004\073\004\070\004\067\004\060\004\106\004\070\004\117\000\040\004\075\004\060\000\040\000P\000y\000t\000h\000o\000n}{section.7}% 22
\BOOKMARK [2][-]{subsection.7.4}{\376\377\004\040\004\065\004\067\004\103\004\073\004\114\004\102\004\060\004\102\004\113\000\040\004\062\004\070\004\067\004\103\004\060\004\073\004\070\004\067\004\060\004\106\004\070\004\070}{section.7}% 23
\BOOKMARK [2][-]{subsection.7.5}{\376\377\004\020\004\075\004\060\004\073\004\070\004\067\000\040\004\100\004\065\004\067\004\103\004\073\004\114\004\102\004\060\004\102\004\076\004\062}{section.7}% 24
\BOOKMARK [1][-]{section.8}{\376\377\004\035\004\060\004\061\004\076\004\100\000\040\004\070\004\067\004\076\004\061\004\100\004\060\004\066\004\065\004\075\004\070\004\071\000\040\004\077\004\100\004\070\000\040\004\100\004\060\004\067\004\075\004\113\004\105\000\040\004\077\004\060\004\100\004\060\004\074\004\065\004\102\004\100\004\060\004\105}{}% 25
\BOOKMARK [2][-]{subsection.8.1}{\376\377\004\034\004\075\004\076\004\066\004\065\004\101\004\102\004\062\004\076\000\040\004\034\004\060\004\075\004\064\004\065\004\073\004\114\004\061\004\100\004\076\004\102\004\060\000\040\004\077\004\100\004\070\000\040\004\100\004\060\004\067\004\075\004\113\004\105\000\040\004\070\004\102\004\065\004\100\004\060\004\106\004\070\004\117\004\105}{section.8}% 26
\BOOKMARK [2][-]{subsection.8.2}{\376\377\004\037\004\100\004\070\004\061\004\073\004\070\004\066\004\065\004\075\004\070\004\065\000\040\004\076\004\102\004\064\004\065\004\073\004\114\004\075\004\113\004\105\000\040\004\107\004\060\004\101\004\102\004\065\004\071\000\040\004\074\004\075\004\076\004\066\004\065\004\101\004\102\004\062\004\060\000\040\004\034\004\060\004\075\004\064\004\065\004\073\004\114\004\061\004\100\004\076\004\102\004\060}{section.8}% 27
\BOOKMARK [2][-]{subsection.8.3}{\376\377\004\034\004\075\004\076\004\066\004\065\004\101\004\102\004\062\004\076\000\040\004\026\004\116\004\073\004\070\004\060\000\040\004\077\004\100\004\070\000\040\004\100\004\060\004\067\004\075\004\113\004\105\000\040\004\067\004\075\004\060\004\107\004\065\004\075\004\070\004\117\004\105\000\040\000c}{section.8}% 28
\BOOKMARK [1][-]{section.9}{\376\377\004\027\004\060\004\072\004\073\004\116\004\107\004\065\004\075\004\070\004\065}{}% 29
